[0m[[0m[0mdebug[0m] [0m[0m> Exec(early(addDefaultCommands), None, None)[0m
[0m[[0m[0mdebug[0m] [0m[0m> Exec(addDefaultCommands, None, None)[0m
[0m[[0m[0mdebug[0m] [0m[0m> Exec(early(initialize), None, None)[0m
[0m[[0m[0mdebug[0m] [0m[0m> Exec(initialize, None, None)[0m
[0m[[0m[0mdebug[0m] [0m[0m> Exec(boot, None, None)[0m
[0m[[0m[0mdebug[0m] [0m[0m> Exec(writeSbtVersion, None, None)[0m
[0m[[0m[0mdebug[0m] [0m[0m> Exec(reload, None, None)[0m
[0m[[0m[0mdebug[0m] [0m[0m> Exec(sbtStashOnFailure, None, None)[0m
[0m[[0m[0mdebug[0m] [0m[0m> Exec(onFailure loadFailed, None, None)[0m
[0m[[0m[0mdebug[0m] [0m[0m> Exec(loadp, None, None)[0m
[0m[[0m[0minfo[0m] [0m[0mwelcome to sbt 1.9.7 (Eclipse Adoptium Java 11.0.21)[0m
[0m[[0m[0mdebug[0m] [0m[0mLoad.defaultLoad until apply took 264.351543ms[0m
[0m[[0m[0mdebug[0m] [0m[0m          Load.loadUnit: plugins took 160.26737ms[0m
[0m[[0m[0mdebug[0m] [0m[0m          Load.loadUnit: defsScala took 0.24062ms[0m
[0m[[0m[0mdebug[0m] [0m[0m[Loading] Scanning directory /home/darren/ca2023-lab3/project[0m
[0m[[0m[0mdebug[0m] [0m[0m            Load.loadUnit: mkEval took 13.525834ms[0m
[0m[[0m[0mdebug[0m] [0m[0m[Loading] Found non-root projects [0m
[0m[[0m[0mdebug[0m] [0m[0m[Loading] Done in /home/darren/ca2023-lab3/project, returning: ()[0m
[0m[[0m[0mdebug[0m] [0m[0mdeducing auto plugins based on known facts Set(Atom(sbt.plugins.CorePlugin)) and clauses Clauses(Clause(Atom(sbt.plugins.JvmPlugin),Set(Atom(sbt.plugins.IvyPlugin)))[0m
[0m[[0m[0mdebug[0m] [0m[0mClause(Atom(sbt.ScriptedPlugin),Set(Atom(sbt.plugins.JvmPlugin)))[0m
[0m[[0m[0mdebug[0m] [0m[0mClause(Atom(sbt.plugins.SbtPlugin),Set(Atom(sbt.ScriptedPlugin)))[0m
[0m[[0m[0mdebug[0m] [0m[0mClause(Atom(sbt.plugins.SemanticdbPlugin),Set(Atom(sbt.plugins.JvmPlugin)))[0m
[0m[[0m[0mdebug[0m] [0m[0mClause(Atom(sbt.plugins.JUnitXmlReportPlugin),Set(Atom(sbt.plugins.JvmPlugin)))[0m
[0m[[0m[0mdebug[0m] [0m[0mClause(Atom(sbt.plugins.MiniDependencyTreePlugin),Set(Atom(sbt.plugins.JvmPlugin)))[0m
[0m[[0m[0mdebug[0m] [0m[0mClause(Atom(sbt.plugins.CorePlugin),Set(Atom(sbt.plugins.IvyPlugin)))[0m
[0m[[0m[0mdebug[0m] [0m[0mClause(Atom(sbt.plugins.IvyPlugin),Set(Atom(sbt.plugins.JvmPlugin)))[0m
[0m[[0m[0mdebug[0m] [0m[0mClause(Atom(sbt.plugins.JvmPlugin),Set(Atom(sbt.plugins.SemanticdbPlugin)))[0m
[0m[[0m[0mdebug[0m] [0m[0mClause(Atom(sbt.plugins.JvmPlugin),Set(Atom(sbt.plugins.JUnitXmlReportPlugin)))[0m
[0m[[0m[0mdebug[0m] [0m[0mClause(Atom(sbt.plugins.CorePlugin),Set(Atom(sbt.plugins.Giter8TemplatePlugin)))[0m
[0m[[0m[0mdebug[0m] [0m[0mClause(Atom(sbt.plugins.JvmPlugin),Set(Atom(sbt.plugins.MiniDependencyTreePlugin))))[0m
[0m[[0m[0mdebug[0m] [0m[0m  :: deduced result: Matched(sbt.plugins.CorePlugin,sbt.plugins.Giter8TemplatePlugin,sbt.plugins.IvyPlugin,sbt.plugins.JvmPlugin,sbt.plugins.MiniDependencyTreePlugin,sbt.plugins.JUnitXmlReportPlugin,sbt.plugins.SemanticdbPlugin)[0m
[0m[[0m[0mdebug[0m] [0m[0mPlugins.deducer#function took 14.311712 ms[0m
[0m[[0m[0minfo[0m] [0m[0mloading settings for project ca2023-lab3-build from plugins.sbt ...[0m
[0m[[0m[0mdebug[0m] [0m[0m              Load.resolveProject(ca2023-lab3-build) took 48.832968ms[0m
[0m[[0m[0mdebug[0m] [0m[0m            Load.loadTransitive: finalizeProject(Project(id ca2023-lab3-build, base: /home/darren/ca2023-lab3/project, plugins: List(<none>))) took 94.884918ms[0m
[0m[[0m[0mdebug[0m] [0m[0m[Loading] Done in /home/darren/ca2023-lab3/project, returning: (ca2023-lab3-build)[0m
[0m[[0m[0mdebug[0m] [0m[0m          Load.loadUnit: loadedProjectsRaw took 602.266656ms[0m
[0m[[0m[0mdebug[0m] [0m[0m          Load.loadUnit: cleanEvalClasses took 12.88555ms[0m
[0m[[0m[0mdebug[0m] [0m[0m        Load.loadUnit(file:/home/darren/ca2023-lab3/project/, ...) took 785.390127ms[0m
[0m[[0m[0mdebug[0m] [0m[0m      Load.apply: load took 1092.578675ms[0m
[0m[[0m[0mdebug[0m] [0m[0m      Load.apply: resolveProjects took 5.205137ms[0m
[0m[[0m[0mdebug[0m] [0m[0m      Load.apply: finalTransforms took 104.694086ms[0m
[0m[[0m[0mdebug[0m] [0m[0m      Load.apply: config.delegates took 7.270202ms[0m
[0m[[0m[0mdebug[0m] [0m[0m      Load.apply: Def.make(settings)... took 855.813843ms[0m
[0m[[0m[0mdebug[0m] [0m[0m      Load.apply: structureIndex took 97.294731ms[0m
[0m[[0m[0mdebug[0m] [0m[0m      Load.apply: mkStreams took 1.249205ms[0m
[0m[[0m[0minfo[0m] [0m[0mloading project definition from /home/darren/ca2023-lab3/project[0m
[0m[[0m[0mdebug[0m] [0m[0mRunning task... Cancel: Signal, check cycles: false, forcegc: true[0m
[0m[[0m[0mdebug[0m] [0m[0m    Load.loadUnit: plugins took 4203.040568ms[0m
[0m[[0m[0mdebug[0m] [0m[0m    Load.loadUnit: defsScala took 0.003174ms[0m
[0m[[0m[0mdebug[0m] [0m[0m[Loading] Scanning directory /home/darren/ca2023-lab3[0m
[0m[[0m[0mdebug[0m] [0m[0m      Load.loadUnit: mkEval took 0.16967ms[0m
[0m[[0m[0mdebug[0m] [0m[0m[Loading] Found root project root w/ remaining [0m
[0m[[0m[0mdebug[0m] [0m[0mdeducing auto plugins based on known facts Set(Atom(sbt.plugins.CorePlugin)) and clauses Clauses(Clause(Atom(sbt.plugins.JvmPlugin),Set(Atom(sbt.plugins.IvyPlugin)))[0m
[0m[[0m[0mdebug[0m] [0m[0mClause(Atom(sbt.ScriptedPlugin),Set(Atom(sbt.plugins.JvmPlugin)))[0m
[0m[[0m[0mdebug[0m] [0m[0mClause(Atom(sbt.plugins.SbtPlugin),Set(Atom(sbt.ScriptedPlugin)))[0m
[0m[[0m[0mdebug[0m] [0m[0mClause(Atom(sbt.plugins.SemanticdbPlugin),Set(Atom(sbt.plugins.JvmPlugin)))[0m
[0m[[0m[0mdebug[0m] [0m[0mClause(Atom(sbt.plugins.JUnitXmlReportPlugin),Set(Atom(sbt.plugins.JvmPlugin)))[0m
[0m[[0m[0mdebug[0m] [0m[0mClause(Atom(sbt.plugins.MiniDependencyTreePlugin),Set(Atom(sbt.plugins.JvmPlugin)))[0m
[0m[[0m[0mdebug[0m] [0m[0mClause(Atom(sbt.plugins.CorePlugin),Set(Atom(sbt.plugins.IvyPlugin)))[0m
[0m[[0m[0mdebug[0m] [0m[0mClause(Atom(sbt.plugins.IvyPlugin),Set(Atom(sbt.plugins.JvmPlugin)))[0m
[0m[[0m[0mdebug[0m] [0m[0mClause(Atom(sbt.plugins.JvmPlugin),Set(Atom(sbt.plugins.SemanticdbPlugin)))[0m
[0m[[0m[0mdebug[0m] [0m[0mClause(Atom(sbt.plugins.JvmPlugin),Set(Atom(sbt.plugins.JUnitXmlReportPlugin)))[0m
[0m[[0m[0mdebug[0m] [0m[0mClause(Atom(sbt.plugins.CorePlugin),Set(Atom(sbt.plugins.Giter8TemplatePlugin)))[0m
[0m[[0m[0mdebug[0m] [0m[0mClause(Atom(sbt.plugins.JvmPlugin),Set(Atom(sbt.plugins.MiniDependencyTreePlugin))))[0m
[0m[[0m[0mdebug[0m] [0m[0m  :: deduced result: Matched(sbt.plugins.CorePlugin,sbt.plugins.Giter8TemplatePlugin,sbt.plugins.IvyPlugin,sbt.plugins.JvmPlugin,sbt.plugins.MiniDependencyTreePlugin,sbt.plugins.JUnitXmlReportPlugin,sbt.plugins.SemanticdbPlugin)[0m
[0m[[0m[0mdebug[0m] [0m[0mPlugins.deducer#function took 2.632736 ms[0m
[0m[[0m[0minfo[0m] [0m[0mloading settings for project root from build.sbt ...[0m
[0m[[0m[0mdebug[0m] [0m[0m        Load.resolveProject(root) took 2.945541ms[0m
[0m[[0m[0mdebug[0m] [0m[0m      Load.loadTransitive: finalizeProject(Project(id root, base: /home/darren/ca2023-lab3, plugins: List(<none>))) took 6.384902ms[0m
[0m[[0m[0mdebug[0m] [0m[0m[Loading] Done in /home/darren/ca2023-lab3, returning: (root)[0m
[0m[[0m[0mdebug[0m] [0m[0m    Load.loadUnit: loadedProjectsRaw took 91.502749ms[0m
[0m[[0m[0mdebug[0m] [0m[0m    Load.loadUnit: cleanEvalClasses took 1.210682ms[0m
[0m[[0m[0mdebug[0m] [0m[0m  Load.loadUnit(file:/home/darren/ca2023-lab3/, ...) took 4296.764517ms[0m
[0m[[0m[0mdebug[0m] [0m[0mLoad.apply: load took 4334.814651ms[0m
[0m[[0m[0mdebug[0m] [0m[0mLoad.apply: resolveProjects took 0.164155ms[0m
[0m[[0m[0mdebug[0m] [0m[0mLoad.apply: finalTransforms took 35.414279ms[0m
[0m[[0m[0mdebug[0m] [0m[0mLoad.apply: config.delegates took 0.476106ms[0m
[0m[[0m[0mdebug[0m] [0m[0mLoad.apply: Def.make(settings)... took 140.955966ms[0m
[0m[[0m[0mdebug[0m] [0m[0mLoad.apply: structureIndex took 34.870203ms[0m
[0m[[0m[0mdebug[0m] [0m[0mLoad.apply: mkStreams took 0.002438ms[0m
[0m[[0m[0minfo[0m] [0m[0mset current project to mycpu (in build file:/home/darren/ca2023-lab3/)[0m
[0m[[0m[0mdebug[0m] [0m[0m> Exec(sbtPopOnFailure, None, None)[0m
[0m[[0m[0mdebug[0m] [0m[0m> Exec(resumeFromFailure, None, None)[0m
[0m[[0m[0mdebug[0m] [0m[0m> Exec(notifyUsersAboutShell, None, None)[0m
[0m[[0m[0mdebug[0m] [0m[0m> Exec(iflast shell, None, None)[0m
[0m[[0m[0mdebug[0m] [0m[0m> Exec(test, None, None)[0m
[0m[[0m[0mdebug[0m] [0m[0mEvaluating tasks: Test / test[0m
[0m[[0m[0mdebug[0m] [0m[0mRunning task... Cancel: Signal, check cycles: false, forcegc: true[0m
[0m[[0m[0minfo[0m] [0m[0mcompiling 1 Scala source to /home/darren/ca2023-lab3/target/scala-2.13/test-classes ...[0m
[0m[[0m[0minfo[0m] [0m[0m[32mInstructionDecoderTest:[0m[0m
[0m[[0m[0minfo[0m] [0m[0m[32mInstructionDecoder of Single Cycle CPU[0m[0m
[0m[[0m[0minfo[0m] [0m[0m[32m- should produce correct control signal[0m[0m
[0m[[0m[0minfo[0m] [0m[0m[32mshellsort:[0m[0m
[0m[[0m[0minfo[0m] [0m[0m[32mSingle Cycle CPU[0m[0m
[0m[[0m[0minfo[0m] [0m[0m[31m- should recursively calculate Fibonacci(10) *** FAILED ***[0m[0m
[0m[[0m[0minfo[0m] [0m[0m[31m  java.lang.IllegalArgumentException: requirement failed: UInt literal -1077936128 is negative[0m[0m
[0m[[0m[0minfo[0m] [0m[0m[31m  at scala.Predef$.require(Predef.scala:337)[0m[0m
[0m[[0m[0minfo[0m] [0m[0m[31m  at chisel3.internal.firrtl.ULit.<init>(IR.scala:150)[0m[0m
[0m[[0m[0minfo[0m] [0m[0m[31m  at chisel3.UIntFactory.Lit(UIntFactory.scala:21)[0m[0m
[0m[[0m[0minfo[0m] [0m[0m[31m  at chisel3.UIntFactory.Lit$(UIntFactory.scala:20)[0m[0m
[0m[[0m[0minfo[0m] [0m[0m[31m  at chisel3.package$UInt$.Lit(package.scala:182)[0m[0m
[0m[[0m[0minfo[0m] [0m[0m[31m  at chisel3.package$fromBigIntToLiteral.U(package.scala:51)[0m[0m
[0m[[0m[0minfo[0m] [0m[0m[31m  at riscv.singlecycle.shellsort.$anonfun$new$27(CPUTest.scala:75)[0m[0m
[0m[[0m[0minfo[0m] [0m[0m[31m  at riscv.singlecycle.shellsort.$anonfun$new$27$adapted(CPUTest.scala:69)[0m[0m
[0m[[0m[0minfo[0m] [0m[0m[31m  at chiseltest.internal.GenericBackend.$anonfun$run$1(GenericBackend.scala:170)[0m[0m
[0m[[0m[0minfo[0m] [0m[0m[31m  at chiseltest.internal.ThreadedBackend$TesterThread$$anon$1.$anonfun$run$1(ThreadedBackend.scala:495)[0m[0m
[0m[[0m[0minfo[0m] [0m[0m[31m  ...[0m[0m
[0m[[0m[0minfo[0m] [0m[0m[32mByteAccessTest:[0m[0m
[0m[[0m[0minfo[0m] [0m[0m[32mSingle Cycle CPU[0m[0m
[0m[[0m[0minfo[0m] [0m[0m[32m- should store and load a single byte[0m[0m
[0m[[0m[0minfo[0m] [0m[0m[32mRegisterFileTest:[0m[0m
[0m[[0m[0minfo[0m] [0m[0m[32mRegister File of Single Cycle CPU[0m[0m
[0m[[0m[0minfo[0m] [0m[0m[32m- should read the written content[0m[0m
[0m[[0m[0minfo[0m] [0m[0m[32m- should x0 always be zero[0m[0m
[0m[[0m[0minfo[0m] [0m[0m[32m- should read the writing content[0m[0m
[0m[[0m[0minfo[0m] [0m[0m[32mFibonacciTest:[0m[0m
[0m[[0m[0minfo[0m] [0m[0m[32mSingle Cycle CPU[0m[0m
[0m[[0m[0minfo[0m] [0m[0m[32m- should recursively calculate Fibonacci(10)[0m[0m
[0m[[0m[0minfo[0m] [0m[0m[32mInstructionFetchTest:[0m[0m
[0m[[0m[0minfo[0m] [0m[0m[32mInstructionFetch of Single Cycle CPU[0m[0m
[0m[[0m[0minfo[0m] [0m[0m[32m- should fetch instruction[0m[0m
