[0m[[0m[0mdebug[0m] [0m[0m> Exec(early(addDefaultCommands), None, None)[0m
[0m[[0m[0mdebug[0m] [0m[0m> Exec(addDefaultCommands, None, None)[0m
[0m[[0m[0mdebug[0m] [0m[0m> Exec(early(initialize), None, None)[0m
[0m[[0m[0mdebug[0m] [0m[0m> Exec(initialize, None, None)[0m
[0m[[0m[0mdebug[0m] [0m[0m> Exec(boot, None, None)[0m
[0m[[0m[0mdebug[0m] [0m[0m> Exec(writeSbtVersion, None, None)[0m
[0m[[0m[0mdebug[0m] [0m[0m> Exec(reload, None, None)[0m
[0m[[0m[0mdebug[0m] [0m[0m> Exec(sbtStashOnFailure, None, None)[0m
[0m[[0m[0mdebug[0m] [0m[0m> Exec(onFailure loadFailed, None, None)[0m
[0m[[0m[0mdebug[0m] [0m[0m> Exec(loadp, None, None)[0m
[0m[[0m[0minfo[0m] [0m[0mwelcome to sbt 1.9.7 (Eclipse Adoptium Java 11.0.21)[0m
[0m[[0m[0mdebug[0m] [0m[0mLoad.defaultLoad until apply took 340.043826ms[0m
[0m[[0m[0mdebug[0m] [0m[0m          Load.loadUnit: plugins took 183.339199ms[0m
[0m[[0m[0mdebug[0m] [0m[0m          Load.loadUnit: defsScala took 0.244871ms[0m
[0m[[0m[0mdebug[0m] [0m[0m[Loading] Scanning directory /home/darren/ca2023-lab3/project[0m
[0m[[0m[0mdebug[0m] [0m[0m            Load.loadUnit: mkEval took 22.488783ms[0m
[0m[[0m[0mdebug[0m] [0m[0m[Loading] Found non-root projects [0m
[0m[[0m[0mdebug[0m] [0m[0m[Loading] Done in /home/darren/ca2023-lab3/project, returning: ()[0m
[0m[[0m[0mdebug[0m] [0m[0mdeducing auto plugins based on known facts Set(Atom(sbt.plugins.CorePlugin)) and clauses Clauses(Clause(Atom(sbt.plugins.JvmPlugin),Set(Atom(sbt.plugins.IvyPlugin)))[0m
[0m[[0m[0mdebug[0m] [0m[0mClause(Atom(sbt.ScriptedPlugin),Set(Atom(sbt.plugins.JvmPlugin)))[0m
[0m[[0m[0mdebug[0m] [0m[0mClause(Atom(sbt.plugins.SbtPlugin),Set(Atom(sbt.ScriptedPlugin)))[0m
[0m[[0m[0mdebug[0m] [0m[0mClause(Atom(sbt.plugins.SemanticdbPlugin),Set(Atom(sbt.plugins.JvmPlugin)))[0m
[0m[[0m[0mdebug[0m] [0m[0mClause(Atom(sbt.plugins.JUnitXmlReportPlugin),Set(Atom(sbt.plugins.JvmPlugin)))[0m
[0m[[0m[0mdebug[0m] [0m[0mClause(Atom(sbt.plugins.MiniDependencyTreePlugin),Set(Atom(sbt.plugins.JvmPlugin)))[0m
[0m[[0m[0mdebug[0m] [0m[0mClause(Atom(sbt.plugins.CorePlugin),Set(Atom(sbt.plugins.IvyPlugin)))[0m
[0m[[0m[0mdebug[0m] [0m[0mClause(Atom(sbt.plugins.IvyPlugin),Set(Atom(sbt.plugins.JvmPlugin)))[0m
[0m[[0m[0mdebug[0m] [0m[0mClause(Atom(sbt.plugins.JvmPlugin),Set(Atom(sbt.plugins.SemanticdbPlugin)))[0m
[0m[[0m[0mdebug[0m] [0m[0mClause(Atom(sbt.plugins.JvmPlugin),Set(Atom(sbt.plugins.JUnitXmlReportPlugin)))[0m
[0m[[0m[0mdebug[0m] [0m[0mClause(Atom(sbt.plugins.CorePlugin),Set(Atom(sbt.plugins.Giter8TemplatePlugin)))[0m
[0m[[0m[0mdebug[0m] [0m[0mClause(Atom(sbt.plugins.JvmPlugin),Set(Atom(sbt.plugins.MiniDependencyTreePlugin))))[0m
[0m[[0m[0mdebug[0m] [0m[0m  :: deduced result: Matched(sbt.plugins.CorePlugin,sbt.plugins.Giter8TemplatePlugin,sbt.plugins.IvyPlugin,sbt.plugins.JvmPlugin,sbt.plugins.MiniDependencyTreePlugin,sbt.plugins.JUnitXmlReportPlugin,sbt.plugins.SemanticdbPlugin)[0m
[0m[[0m[0mdebug[0m] [0m[0mPlugins.deducer#function took 28.818322 ms[0m
[0m[[0m[0minfo[0m] [0m[0mloading settings for project ca2023-lab3-build from plugins.sbt ...[0m
[0m[[0m[0mdebug[0m] [0m[0m              Load.resolveProject(ca2023-lab3-build) took 106.863971ms[0m
[0m[[0m[0mdebug[0m] [0m[0m            Load.loadTransitive: finalizeProject(Project(id ca2023-lab3-build, base: /home/darren/ca2023-lab3/project, plugins: List(<none>))) took 170.286463ms[0m
[0m[[0m[0mdebug[0m] [0m[0m[Loading] Done in /home/darren/ca2023-lab3/project, returning: (ca2023-lab3-build)[0m
[0m[[0m[0mdebug[0m] [0m[0m          Load.loadUnit: loadedProjectsRaw took 807.562134ms[0m
[0m[[0m[0mdebug[0m] [0m[0m          Load.loadUnit: cleanEvalClasses took 54.883103ms[0m
[0m[[0m[0mdebug[0m] [0m[0m        Load.loadUnit(file:/home/darren/ca2023-lab3/project/, ...) took 1050.201491ms[0m
[0m[[0m[0mdebug[0m] [0m[0m      Load.apply: load took 1661.594671ms[0m
[0m[[0m[0mdebug[0m] [0m[0m      Load.apply: resolveProjects took 4.968747ms[0m
[0m[[0m[0mdebug[0m] [0m[0m      Load.apply: finalTransforms took 129.45006ms[0m
[0m[[0m[0mdebug[0m] [0m[0m      Load.apply: config.delegates took 7.138986ms[0m
[0m[[0m[0mdebug[0m] [0m[0m      Load.apply: Def.make(settings)... took 768.991757ms[0m
[0m[[0m[0mdebug[0m] [0m[0m      Load.apply: structureIndex took 152.78575ms[0m
[0m[[0m[0mdebug[0m] [0m[0m      Load.apply: mkStreams took 1.561953ms[0m
[0m[[0m[0minfo[0m] [0m[0mloading project definition from /home/darren/ca2023-lab3/project[0m
[0m[[0m[0mdebug[0m] [0m[0mRunning task... Cancel: Signal, check cycles: false, forcegc: true[0m
[0m[[0m[0mdebug[0m] [0m[0m    Load.loadUnit: plugins took 4830.208526ms[0m
[0m[[0m[0mdebug[0m] [0m[0m    Load.loadUnit: defsScala took 0.003073ms[0m
[0m[[0m[0mdebug[0m] [0m[0m[Loading] Scanning directory /home/darren/ca2023-lab3[0m
[0m[[0m[0mdebug[0m] [0m[0m      Load.loadUnit: mkEval took 0.191984ms[0m
[0m[[0m[0mdebug[0m] [0m[0m[Loading] Found root project root w/ remaining [0m
[0m[[0m[0mdebug[0m] [0m[0mdeducing auto plugins based on known facts Set(Atom(sbt.plugins.CorePlugin)) and clauses Clauses(Clause(Atom(sbt.plugins.JvmPlugin),Set(Atom(sbt.plugins.IvyPlugin)))[0m
[0m[[0m[0mdebug[0m] [0m[0mClause(Atom(sbt.ScriptedPlugin),Set(Atom(sbt.plugins.JvmPlugin)))[0m
[0m[[0m[0mdebug[0m] [0m[0mClause(Atom(sbt.plugins.SbtPlugin),Set(Atom(sbt.ScriptedPlugin)))[0m
[0m[[0m[0mdebug[0m] [0m[0mClause(Atom(sbt.plugins.SemanticdbPlugin),Set(Atom(sbt.plugins.JvmPlugin)))[0m
[0m[[0m[0mdebug[0m] [0m[0mClause(Atom(sbt.plugins.JUnitXmlReportPlugin),Set(Atom(sbt.plugins.JvmPlugin)))[0m
[0m[[0m[0mdebug[0m] [0m[0mClause(Atom(sbt.plugins.MiniDependencyTreePlugin),Set(Atom(sbt.plugins.JvmPlugin)))[0m
[0m[[0m[0mdebug[0m] [0m[0mClause(Atom(sbt.plugins.CorePlugin),Set(Atom(sbt.plugins.IvyPlugin)))[0m
[0m[[0m[0mdebug[0m] [0m[0mClause(Atom(sbt.plugins.IvyPlugin),Set(Atom(sbt.plugins.JvmPlugin)))[0m
[0m[[0m[0mdebug[0m] [0m[0mClause(Atom(sbt.plugins.JvmPlugin),Set(Atom(sbt.plugins.SemanticdbPlugin)))[0m
[0m[[0m[0mdebug[0m] [0m[0mClause(Atom(sbt.plugins.JvmPlugin),Set(Atom(sbt.plugins.JUnitXmlReportPlugin)))[0m
[0m[[0m[0mdebug[0m] [0m[0mClause(Atom(sbt.plugins.CorePlugin),Set(Atom(sbt.plugins.Giter8TemplatePlugin)))[0m
[0m[[0m[0mdebug[0m] [0m[0mClause(Atom(sbt.plugins.JvmPlugin),Set(Atom(sbt.plugins.MiniDependencyTreePlugin))))[0m
[0m[[0m[0mdebug[0m] [0m[0m  :: deduced result: Matched(sbt.plugins.CorePlugin,sbt.plugins.Giter8TemplatePlugin,sbt.plugins.IvyPlugin,sbt.plugins.JvmPlugin,sbt.plugins.MiniDependencyTreePlugin,sbt.plugins.JUnitXmlReportPlugin,sbt.plugins.SemanticdbPlugin)[0m
[0m[[0m[0mdebug[0m] [0m[0mPlugins.deducer#function took 1.637897 ms[0m
[0m[[0m[0minfo[0m] [0m[0mloading settings for project root from build.sbt ...[0m
[0m[[0m[0mdebug[0m] [0m[0m        Load.resolveProject(root) took 2.079699ms[0m
[0m[[0m[0mdebug[0m] [0m[0m      Load.loadTransitive: finalizeProject(Project(id root, base: /home/darren/ca2023-lab3, plugins: List(<none>))) took 4.515538ms[0m
[0m[[0m[0mdebug[0m] [0m[0m[Loading] Done in /home/darren/ca2023-lab3, returning: (root)[0m
[0m[[0m[0mdebug[0m] [0m[0m    Load.loadUnit: loadedProjectsRaw took 94.41595ms[0m
[0m[[0m[0mdebug[0m] [0m[0m    Load.loadUnit: cleanEvalClasses took 0.675183ms[0m
[0m[[0m[0mdebug[0m] [0m[0m  Load.loadUnit(file:/home/darren/ca2023-lab3/, ...) took 4926.36088ms[0m
[0m[[0m[0mdebug[0m] [0m[0mLoad.apply: load took 4980.290228ms[0m
[0m[[0m[0mdebug[0m] [0m[0mLoad.apply: resolveProjects took 0.096563ms[0m
[0m[[0m[0mdebug[0m] [0m[0mLoad.apply: finalTransforms took 20.017761ms[0m
[0m[[0m[0mdebug[0m] [0m[0mLoad.apply: config.delegates took 0.385045ms[0m
[0m[[0m[0mdebug[0m] [0m[0mLoad.apply: Def.make(settings)... took 160.877311ms[0m
[0m[[0m[0mdebug[0m] [0m[0mLoad.apply: structureIndex took 40.318661ms[0m
[0m[[0m[0mdebug[0m] [0m[0mLoad.apply: mkStreams took 0.002152ms[0m
[0m[[0m[0minfo[0m] [0m[0mset current project to mycpu (in build file:/home/darren/ca2023-lab3/)[0m
[0m[[0m[0mdebug[0m] [0m[0m> Exec(sbtPopOnFailure, None, None)[0m
[0m[[0m[0mdebug[0m] [0m[0m> Exec(resumeFromFailure, None, None)[0m
[0m[[0m[0mdebug[0m] [0m[0m> Exec(notifyUsersAboutShell, None, None)[0m
[0m[[0m[0mdebug[0m] [0m[0m> Exec(iflast shell, None, None)[0m
[0m[[0m[0mdebug[0m] [0m[0m> Exec(test, None, None)[0m
[0m[[0m[0mdebug[0m] [0m[0mEvaluating tasks: Test / test[0m
[0m[[0m[0mdebug[0m] [0m[0mRunning task... Cancel: Signal, check cycles: false, forcegc: true[0m
[0m[[0m[0minfo[0m] [0m[0mcompiling 1 Scala source to /home/darren/ca2023-lab3/target/scala-2.13/test-classes ...[0m
[0m[[0m[0minfo[0m] [0m[0m[32mInstructionFetchTest:[0m[0m
[0m[[0m[0minfo[0m] [0m[0m[32mInstructionFetch of Single Cycle CPU[0m[0m
[0m[[0m[0minfo[0m] [0m[0m[32m- should fetch instruction[0m[0m
[0m[[0m[0minfo[0m] [0m[0m[32mByteAccessTest:[0m[0m
[0m[[0m[0minfo[0m] [0m[0m[32mSingle Cycle CPU[0m[0m
[0m[[0m[0minfo[0m] [0m[0m[32m- should store and load a single byte[0m[0m
[0m[[0m[0minfo[0m] [0m[0m[32mRegisterFileTest:[0m[0m
[0m[[0m[0minfo[0m] [0m[0m[32mRegister File of Single Cycle CPU[0m[0m
[0m[[0m[0minfo[0m] [0m[0m[32m- should read the written content[0m[0m
[0m[[0m[0minfo[0m] [0m[0m[32m- should x0 always be zero[0m[0m
[0m[[0m[0minfo[0m] [0m[0m[32m- should read the writing content[0m[0m
[0m[[0m[0minfo[0m] [0m[0m[32mExecuteTest:[0m[0m
[0m[[0m[0minfo[0m] [0m[0m[32mExecution of Single Cycle CPU[0m[0m
[0m[[0m[0minfo[0m] [0m[0m[32m- should execute correctly[0m[0m
[0m[[0m[0minfo[0m] [0m[0m[32mshellsort:[0m[0m
[0m[[0m[0minfo[0m] [0m[0m[32mSingle Cycle CPU[0m[0m
[0m[[0m[0minfo[0m] [0m[0m[31m- should recursively calculate Fibonacci(10) *** FAILED ***[0m[0m
[0m[[0m[0minfo[0m] [0m[0m[31m  java.lang.IllegalArgumentException: requirement failed: UInt literal -1077936128 is negative[0m[0m
[0m[[0m[0minfo[0m] [0m[0m[31m  at scala.Predef$.require(Predef.scala:337)[0m[0m
[0m[[0m[0minfo[0m] [0m[0m[31m  at chisel3.internal.firrtl.ULit.<init>(IR.scala:150)[0m[0m
[0m[[0m[0minfo[0m] [0m[0m[31m  at chisel3.UIntFactory.Lit(UIntFactory.scala:21)[0m[0m
[0m[[0m[0minfo[0m] [0m[0m[31m  at chisel3.UIntFactory.Lit$(UIntFactory.scala:20)[0m[0m
[0m[[0m[0minfo[0m] [0m[0m[31m  at chisel3.package$UInt$.Lit(package.scala:182)[0m[0m
[0m[[0m[0minfo[0m] [0m[0m[31m  at chisel3.package$fromBigIntToLiteral.U(package.scala:51)[0m[0m
[0m[[0m[0minfo[0m] [0m[0m[31m  at riscv.singlecycle.shellsort.$anonfun$new$27(CPUTest.scala:75)[0m[0m
[0m[[0m[0minfo[0m] [0m[0m[31m  at riscv.singlecycle.shellsort.$anonfun$new$27$adapted(CPUTest.scala:69)[0m[0m
[0m[[0m[0minfo[0m] [0m[0m[31m  at chiseltest.internal.GenericBackend.$anonfun$run$1(GenericBackend.scala:170)[0m[0m
[0m[[0m[0minfo[0m] [0m[0m[31m  at chiseltest.internal.ThreadedBackend$TesterThread$$anon$1.$anonfun$run$1(ThreadedBackend.scala:495)[0m[0m
[0m[[0m[0minfo[0m] [0m[0m[31m  ...[0m[0m
[0m[[0m[0minfo[0m] [0m[0m[32mFibonacciTest:[0m[0m
[0m[[0m[0minfo[0m] [0m[0m[32mSingle Cycle CPU[0m[0m
[0m[[0m[0minfo[0m] [0m[0m[32m- should recursively calculate Fibonacci(10)[0m[0m
